<?xml version="1.0" encoding="UTF-8"?>
<testng-results skipped="0" failed="0" total="1" passed="1">
  <reporter-output>
  </reporter-output>
  <suite name="Default suite" duration-ms="44380" started-at="2022-04-12T10:20:21Z" finished-at="2022-04-12T10:21:05Z">
    <groups>
    </groups>
    <test name="Default test" duration-ms="44380" started-at="2022-04-12T10:20:21Z" finished-at="2022-04-12T10:21:05Z">
      <class name="alerts.CaseStudyOfDay">
        <test-method status="PASS" signature="LinkDemo()[pri:0, instance:alerts.CaseStudyOfDay@64c64813]" name="LinkDemo" duration-ms="44341" started-at="2022-04-12T15:50:21Z" finished-at="2022-04-12T15:51:05Z">
          <reporter-output>
          </reporter-output>
        </test-method> <!-- LinkDemo -->
      </class> <!-- alerts.CaseStudyOfDay -->
    </test> <!-- Default test -->
  </suite> <!-- Default suite -->
</testng-results>
